{"/home/victor/Dev/test_logiciel/tp-tdd-fidelite/loyalty.js": {"path":"/home/victor/Dev/test_logiciel/tp-tdd-fidelite/loyalty.js","statementMap":{"0":{"start":{"line":2,"column":2},"end":{"line":2,"column":66}},"1":{"start":{"line":2,"column":57},"end":{"line":2,"column":66}},"2":{"start":{"line":4,"column":2},"end":{"line":11,"column":3}},"3":{"start":{"line":6,"column":6},"end":{"line":6,"column":41}},"4":{"start":{"line":8,"column":6},"end":{"line":8,"column":45}},"5":{"start":{"line":10,"column":6},"end":{"line":10,"column":15}},"6":{"start":{"line":15,"column":2},"end":{"line":15,"column":58}},"7":{"start":{"line":15,"column":49},"end":{"line":15,"column":58}},"8":{"start":{"line":17,"column":15},"end":{"line":17,"column":16}},"9":{"start":{"line":18,"column":19},"end":{"line":18,"column":20}},"10":{"start":{"line":20,"column":2},"end":{"line":25,"column":3}},"11":{"start":{"line":21,"column":4},"end":{"line":21,"column":43}},"12":{"start":{"line":22,"column":4},"end":{"line":24,"column":5}},"13":{"start":{"line":23,"column":6},"end":{"line":23,"column":31}},"14":{"start":{"line":27,"column":2},"end":{"line":27,"column":37}},"15":{"start":{"line":27,"column":24},"end":{"line":27,"column":37}},"16":{"start":{"line":29,"column":2},"end":{"line":29,"column":16}},"17":{"start":{"line":33,"column":2},"end":{"line":35,"column":3}},"18":{"start":{"line":34,"column":4},"end":{"line":34,"column":51}},"19":{"start":{"line":37,"column":15},"end":{"line":37,"column":16}},"20":{"start":{"line":38,"column":19},"end":{"line":38,"column":20}},"21":{"start":{"line":40,"column":2},"end":{"line":45,"column":3}},"22":{"start":{"line":41,"column":4},"end":{"line":41,"column":43}},"23":{"start":{"line":42,"column":4},"end":{"line":44,"column":5}},"24":{"start":{"line":43,"column":6},"end":{"line":43,"column":31}},"25":{"start":{"line":47,"column":23},"end":{"line":47,"column":39}},"26":{"start":{"line":48,"column":2},"end":{"line":48,"column":33}},"27":{"start":{"line":48,"column":20},"end":{"line":48,"column":33}},"28":{"start":{"line":50,"column":2},"end":{"line":50,"column":47}},"29":{"start":{"line":53,"column":0},"end":{"line":53,"column":66}}},"fnMap":{"0":{"name":"calculatePointsForItem","decl":{"start":{"line":1,"column":9},"end":{"line":1,"column":31}},"loc":{"start":{"line":1,"column":38},"end":{"line":12,"column":1}},"line":1},"1":{"name":"calculateLoyaltyPoints","decl":{"start":{"line":14,"column":9},"end":{"line":14,"column":31}},"loc":{"start":{"line":14,"column":38},"end":{"line":30,"column":1}},"line":14},"2":{"name":"analyzeLoyaltyPoints","decl":{"start":{"line":32,"column":9},"end":{"line":32,"column":29}},"loc":{"start":{"line":32,"column":36},"end":{"line":51,"column":1}},"line":32}},"branchMap":{"0":{"loc":{"start":{"line":2,"column":2},"end":{"line":2,"column":66}},"type":"if","locations":[{"start":{"line":2,"column":2},"end":{"line":2,"column":66}},{"start":{},"end":{}}],"line":2},"1":{"loc":{"start":{"line":2,"column":6},"end":{"line":2,"column":55}},"type":"binary-expr","locations":[{"start":{"line":2,"column":6},"end":{"line":2,"column":36}},{"start":{"line":2,"column":40},"end":{"line":2,"column":55}}],"line":2},"2":{"loc":{"start":{"line":4,"column":2},"end":{"line":11,"column":3}},"type":"switch","locations":[{"start":{"line":5,"column":4},"end":{"line":6,"column":41}},{"start":{"line":7,"column":4},"end":{"line":8,"column":45}},{"start":{"line":9,"column":4},"end":{"line":10,"column":15}}],"line":4},"3":{"loc":{"start":{"line":15,"column":2},"end":{"line":15,"column":58}},"type":"if","locations":[{"start":{"line":15,"column":2},"end":{"line":15,"column":58}},{"start":{},"end":{}}],"line":15},"4":{"loc":{"start":{"line":15,"column":6},"end":{"line":15,"column":47}},"type":"binary-expr","locations":[{"start":{"line":15,"column":6},"end":{"line":15,"column":26}},{"start":{"line":15,"column":30},"end":{"line":15,"column":47}}],"line":15},"5":{"loc":{"start":{"line":22,"column":4},"end":{"line":24,"column":5}},"type":"if","locations":[{"start":{"line":22,"column":4},"end":{"line":24,"column":5}},{"start":{},"end":{}}],"line":22},"6":{"loc":{"start":{"line":22,"column":8},"end":{"line":22,"column":56}},"type":"binary-expr","locations":[{"start":{"line":22,"column":8},"end":{"line":22,"column":38}},{"start":{"line":22,"column":42},"end":{"line":22,"column":56}}],"line":22},"7":{"loc":{"start":{"line":27,"column":2},"end":{"line":27,"column":37}},"type":"if","locations":[{"start":{"line":27,"column":2},"end":{"line":27,"column":37}},{"start":{},"end":{}}],"line":27},"8":{"loc":{"start":{"line":33,"column":2},"end":{"line":35,"column":3}},"type":"if","locations":[{"start":{"line":33,"column":2},"end":{"line":35,"column":3}},{"start":{},"end":{}}],"line":33},"9":{"loc":{"start":{"line":33,"column":6},"end":{"line":33,"column":47}},"type":"binary-expr","locations":[{"start":{"line":33,"column":6},"end":{"line":33,"column":26}},{"start":{"line":33,"column":30},"end":{"line":33,"column":47}}],"line":33},"10":{"loc":{"start":{"line":42,"column":4},"end":{"line":44,"column":5}},"type":"if","locations":[{"start":{"line":42,"column":4},"end":{"line":44,"column":5}},{"start":{},"end":{}}],"line":42},"11":{"loc":{"start":{"line":42,"column":8},"end":{"line":42,"column":56}},"type":"binary-expr","locations":[{"start":{"line":42,"column":8},"end":{"line":42,"column":38}},{"start":{"line":42,"column":42},"end":{"line":42,"column":56}}],"line":42},"12":{"loc":{"start":{"line":48,"column":2},"end":{"line":48,"column":33}},"type":"if","locations":[{"start":{"line":48,"column":2},"end":{"line":48,"column":33}},{"start":{},"end":{}}],"line":48}},"s":{"0":1010,"1":0,"2":1010,"3":505,"4":505,"5":0,"6":7,"7":1,"8":6,"9":6,"10":6,"11":1006,"12":1006,"13":1006,"14":6,"15":2,"16":6,"17":3,"18":1,"19":2,"20":2,"21":2,"22":4,"23":4,"24":4,"25":2,"26":2,"27":1,"28":2,"29":1},"f":{"0":1010,"1":7,"2":3},"b":{"0":[0,1010],"1":[1010,1010],"2":[505,505,0],"3":[1,6],"4":[7,7],"5":[1006,0],"6":[1006,1006],"7":[2,4],"8":[1,2],"9":[3,3],"10":[4,0],"11":[4,4],"12":[1,1]},"_coverageSchema":"1a1c01bbd47fc00a2c39e90264f33305004495a9","hash":"602fc8d1ed96fd1df01f6a4180d5010bdd5e3383"}
}
