{"/home/victor/Dev/test_logiciel/tp-tdd-fidelite/loyalty.js": {"path":"/home/victor/Dev/test_logiciel/tp-tdd-fidelite/loyalty.js","statementMap":{"0":{"start":{"line":2,"column":2},"end":{"line":2,"column":66}},"1":{"start":{"line":2,"column":57},"end":{"line":2,"column":66}},"2":{"start":{"line":4,"column":2},"end":{"line":9,"column":3}},"3":{"start":{"line":6,"column":6},"end":{"line":6,"column":45}},"4":{"start":{"line":8,"column":6},"end":{"line":8,"column":41}},"5":{"start":{"line":13,"column":2},"end":{"line":13,"column":58}},"6":{"start":{"line":13,"column":49},"end":{"line":13,"column":58}},"7":{"start":{"line":15,"column":15},"end":{"line":15,"column":16}},"8":{"start":{"line":16,"column":19},"end":{"line":16,"column":20}},"9":{"start":{"line":18,"column":2},"end":{"line":23,"column":3}},"10":{"start":{"line":19,"column":4},"end":{"line":19,"column":43}},"11":{"start":{"line":20,"column":4},"end":{"line":22,"column":5}},"12":{"start":{"line":21,"column":6},"end":{"line":21,"column":31}},"13":{"start":{"line":25,"column":2},"end":{"line":25,"column":37}},"14":{"start":{"line":25,"column":24},"end":{"line":25,"column":37}},"15":{"start":{"line":27,"column":2},"end":{"line":27,"column":16}},"16":{"start":{"line":31,"column":2},"end":{"line":33,"column":3}},"17":{"start":{"line":32,"column":4},"end":{"line":32,"column":51}},"18":{"start":{"line":35,"column":15},"end":{"line":35,"column":16}},"19":{"start":{"line":36,"column":19},"end":{"line":36,"column":20}},"20":{"start":{"line":38,"column":2},"end":{"line":43,"column":3}},"21":{"start":{"line":39,"column":4},"end":{"line":39,"column":43}},"22":{"start":{"line":40,"column":4},"end":{"line":42,"column":5}},"23":{"start":{"line":41,"column":6},"end":{"line":41,"column":31}},"24":{"start":{"line":45,"column":23},"end":{"line":45,"column":39}},"25":{"start":{"line":46,"column":2},"end":{"line":46,"column":33}},"26":{"start":{"line":46,"column":20},"end":{"line":46,"column":33}},"27":{"start":{"line":48,"column":2},"end":{"line":48,"column":47}},"28":{"start":{"line":51,"column":0},"end":{"line":51,"column":66}}},"fnMap":{"0":{"name":"calculatePointsForItem","decl":{"start":{"line":1,"column":9},"end":{"line":1,"column":31}},"loc":{"start":{"line":1,"column":38},"end":{"line":10,"column":1}},"line":1},"1":{"name":"calculateLoyaltyPoints","decl":{"start":{"line":12,"column":9},"end":{"line":12,"column":31}},"loc":{"start":{"line":12,"column":38},"end":{"line":28,"column":1}},"line":12},"2":{"name":"analyzeLoyaltyPoints","decl":{"start":{"line":30,"column":9},"end":{"line":30,"column":29}},"loc":{"start":{"line":30,"column":36},"end":{"line":49,"column":1}},"line":30}},"branchMap":{"0":{"loc":{"start":{"line":2,"column":2},"end":{"line":2,"column":66}},"type":"if","locations":[{"start":{"line":2,"column":2},"end":{"line":2,"column":66}},{"start":{},"end":{}}],"line":2},"1":{"loc":{"start":{"line":2,"column":6},"end":{"line":2,"column":55}},"type":"binary-expr","locations":[{"start":{"line":2,"column":6},"end":{"line":2,"column":36}},{"start":{"line":2,"column":40},"end":{"line":2,"column":55}}],"line":2},"2":{"loc":{"start":{"line":4,"column":2},"end":{"line":9,"column":3}},"type":"switch","locations":[{"start":{"line":5,"column":4},"end":{"line":6,"column":45}},{"start":{"line":7,"column":4},"end":{"line":8,"column":41}}],"line":4},"3":{"loc":{"start":{"line":13,"column":2},"end":{"line":13,"column":58}},"type":"if","locations":[{"start":{"line":13,"column":2},"end":{"line":13,"column":58}},{"start":{},"end":{}}],"line":13},"4":{"loc":{"start":{"line":13,"column":6},"end":{"line":13,"column":47}},"type":"binary-expr","locations":[{"start":{"line":13,"column":6},"end":{"line":13,"column":26}},{"start":{"line":13,"column":30},"end":{"line":13,"column":47}}],"line":13},"5":{"loc":{"start":{"line":20,"column":4},"end":{"line":22,"column":5}},"type":"if","locations":[{"start":{"line":20,"column":4},"end":{"line":22,"column":5}},{"start":{},"end":{}}],"line":20},"6":{"loc":{"start":{"line":20,"column":8},"end":{"line":20,"column":56}},"type":"binary-expr","locations":[{"start":{"line":20,"column":8},"end":{"line":20,"column":38}},{"start":{"line":20,"column":42},"end":{"line":20,"column":56}}],"line":20},"7":{"loc":{"start":{"line":25,"column":2},"end":{"line":25,"column":37}},"type":"if","locations":[{"start":{"line":25,"column":2},"end":{"line":25,"column":37}},{"start":{},"end":{}}],"line":25},"8":{"loc":{"start":{"line":31,"column":2},"end":{"line":33,"column":3}},"type":"if","locations":[{"start":{"line":31,"column":2},"end":{"line":33,"column":3}},{"start":{},"end":{}}],"line":31},"9":{"loc":{"start":{"line":31,"column":6},"end":{"line":31,"column":47}},"type":"binary-expr","locations":[{"start":{"line":31,"column":6},"end":{"line":31,"column":26}},{"start":{"line":31,"column":30},"end":{"line":31,"column":47}}],"line":31},"10":{"loc":{"start":{"line":40,"column":4},"end":{"line":42,"column":5}},"type":"if","locations":[{"start":{"line":40,"column":4},"end":{"line":42,"column":5}},{"start":{},"end":{}}],"line":40},"11":{"loc":{"start":{"line":40,"column":8},"end":{"line":40,"column":56}},"type":"binary-expr","locations":[{"start":{"line":40,"column":8},"end":{"line":40,"column":38}},{"start":{"line":40,"column":42},"end":{"line":40,"column":56}}],"line":40},"12":{"loc":{"start":{"line":46,"column":2},"end":{"line":46,"column":33}},"type":"if","locations":[{"start":{"line":46,"column":2},"end":{"line":46,"column":33}},{"start":{},"end":{}}],"line":46}},"s":{"0":1016,"1":3,"2":1013,"3":506,"4":507,"5":10,"6":3,"7":7,"8":7,"9":7,"10":1007,"11":1007,"12":1006,"13":7,"14":2,"15":7,"16":6,"17":1,"18":5,"19":5,"20":5,"21":9,"22":9,"23":7,"24":5,"25":5,"26":1,"27":5,"28":1},"f":{"0":1016,"1":10,"2":6},"b":{"0":[3,1013],"1":[1016,1014],"2":[506,507],"3":[3,7],"4":[10,8],"5":[1006,1],"6":[1007,1006],"7":[2,5],"8":[1,5],"9":[6,6],"10":[7,2],"11":[9,8],"12":[1,4]},"_coverageSchema":"1a1c01bbd47fc00a2c39e90264f33305004495a9","hash":"871c79bec89993b4c85964a35880e66e5d4a30cd"}
}
