TN:
SF:loyalty.js
FN:1,calculatePointsForItem
FN:12,calculateLoyaltyPoints
FN:30,analyzeLoyaltyPoints
FNF:3
FNH:3
FNDA:1016,calculatePointsForItem
FNDA:10,calculateLoyaltyPoints
FNDA:6,analyzeLoyaltyPoints
DA:2,1016
DA:4,1013
DA:6,506
DA:8,507
DA:13,10
DA:15,7
DA:16,7
DA:18,7
DA:19,1007
DA:20,1007
DA:21,1006
DA:25,7
DA:27,7
DA:31,6
DA:32,1
DA:35,5
DA:36,5
DA:38,5
DA:39,9
DA:40,9
DA:41,7
DA:45,5
DA:46,5
DA:48,5
DA:51,1
LF:25
LH:25
BRDA:2,0,0,3
BRDA:2,0,1,1013
BRDA:2,1,0,1016
BRDA:2,1,1,1014
BRDA:4,2,0,506
BRDA:4,2,1,507
BRDA:13,3,0,3
BRDA:13,3,1,7
BRDA:13,4,0,10
BRDA:13,4,1,8
BRDA:20,5,0,1006
BRDA:20,5,1,1
BRDA:20,6,0,1007
BRDA:20,6,1,1006
BRDA:25,7,0,2
BRDA:25,7,1,5
BRDA:31,8,0,1
BRDA:31,8,1,5
BRDA:31,9,0,6
BRDA:31,9,1,6
BRDA:40,10,0,7
BRDA:40,10,1,2
BRDA:40,11,0,9
BRDA:40,11,1,8
BRDA:46,12,0,1
BRDA:46,12,1,4
BRF:26
BRH:26
end_of_record
