TN:
SF:loyalty.js
FN:1,calculatePointsForItem
FN:14,calculateLoyaltyPoints
FN:32,analyzeLoyaltyPoints
FNF:3
FNH:3
FNDA:1010,calculatePointsForItem
FNDA:7,calculateLoyaltyPoints
FNDA:3,analyzeLoyaltyPoints
DA:2,1010
DA:4,1010
DA:6,505
DA:8,505
DA:10,0
DA:15,7
DA:17,6
DA:18,6
DA:20,6
DA:21,1006
DA:22,1006
DA:23,1006
DA:27,6
DA:29,6
DA:33,3
DA:34,1
DA:37,2
DA:38,2
DA:40,2
DA:41,4
DA:42,4
DA:43,4
DA:47,2
DA:48,2
DA:50,2
DA:53,1
LF:26
LH:25
BRDA:2,0,0,0
BRDA:2,0,1,1010
BRDA:2,1,0,1010
BRDA:2,1,1,1010
BRDA:4,2,0,505
BRDA:4,2,1,505
BRDA:4,2,2,0
BRDA:15,3,0,1
BRDA:15,3,1,6
BRDA:15,4,0,7
BRDA:15,4,1,7
BRDA:22,5,0,1006
BRDA:22,5,1,0
BRDA:22,6,0,1006
BRDA:22,6,1,1006
BRDA:27,7,0,2
BRDA:27,7,1,4
BRDA:33,8,0,1
BRDA:33,8,1,2
BRDA:33,9,0,3
BRDA:33,9,1,3
BRDA:42,10,0,4
BRDA:42,10,1,0
BRDA:42,11,0,4
BRDA:42,11,1,4
BRDA:48,12,0,1
BRDA:48,12,1,1
BRF:27
BRH:23
end_of_record
