{"/home/victor/Dev/test_logiciel/tp-tdd-renew-subscription/subscription.js": {"path":"/home/victor/Dev/test_logiciel/tp-tdd-renew-subscription/subscription.js","statementMap":{"0":{"start":{"line":2,"column":2},"end":{"line":2,"column":62}},"1":{"start":{"line":7,"column":2},"end":{"line":14,"column":21}},"2":{"start":{"line":14,"column":4},"end":{"line":14,"column":21}},"3":{"start":{"line":16,"column":2},"end":{"line":16,"column":56}},"4":{"start":{"line":16,"column":40},"end":{"line":16,"column":56}},"5":{"start":{"line":17,"column":2},"end":{"line":17,"column":59}},"6":{"start":{"line":17,"column":35},"end":{"line":17,"column":59}},"7":{"start":{"line":18,"column":2},"end":{"line":18,"column":51}},"8":{"start":{"line":18,"column":31},"end":{"line":18,"column":51}},"9":{"start":{"line":19,"column":2},"end":{"line":19,"column":43}},"10":{"start":{"line":19,"column":28},"end":{"line":19,"column":43}},"11":{"start":{"line":20,"column":2},"end":{"line":20,"column":76}},"12":{"start":{"line":20,"column":62},"end":{"line":20,"column":76}},"13":{"start":{"line":22,"column":2},"end":{"line":22,"column":14}},"14":{"start":{"line":35,"column":0},"end":{"line":35,"column":60}}},"fnMap":{"0":{"name":"canRenewSubscription","decl":{"start":{"line":1,"column":9},"end":{"line":1,"column":29}},"loc":{"start":{"line":1,"column":57},"end":{"line":3,"column":1}},"line":1},"1":{"name":"getRenewalReason","decl":{"start":{"line":6,"column":9},"end":{"line":6,"column":25}},"loc":{"start":{"line":6,"column":53},"end":{"line":23,"column":1}},"line":6}},"branchMap":{"0":{"loc":{"start":{"line":7,"column":2},"end":{"line":14,"column":21}},"type":"if","locations":[{"start":{"line":7,"column":2},"end":{"line":14,"column":21}},{"start":{},"end":{}}],"line":7},"1":{"loc":{"start":{"line":8,"column":4},"end":{"line":13,"column":44}},"type":"binary-expr","locations":[{"start":{"line":8,"column":4},"end":{"line":8,"column":36}},{"start":{"line":9,"column":4},"end":{"line":9,"column":43}},{"start":{"line":10,"column":4},"end":{"line":10,"column":52}},{"start":{"line":11,"column":4},"end":{"line":11,"column":48}},{"start":{"line":12,"column":4},"end":{"line":12,"column":45}},{"start":{"line":13,"column":4},"end":{"line":13,"column":44}}],"line":8},"2":{"loc":{"start":{"line":16,"column":2},"end":{"line":16,"column":56}},"type":"if","locations":[{"start":{"line":16,"column":2},"end":{"line":16,"column":56}},{"start":{},"end":{}}],"line":16},"3":{"loc":{"start":{"line":17,"column":2},"end":{"line":17,"column":59}},"type":"if","locations":[{"start":{"line":17,"column":2},"end":{"line":17,"column":59}},{"start":{},"end":{}}],"line":17},"4":{"loc":{"start":{"line":18,"column":2},"end":{"line":18,"column":51}},"type":"if","locations":[{"start":{"line":18,"column":2},"end":{"line":18,"column":51}},{"start":{},"end":{}}],"line":18},"5":{"loc":{"start":{"line":19,"column":2},"end":{"line":19,"column":43}},"type":"if","locations":[{"start":{"line":19,"column":2},"end":{"line":19,"column":43}},{"start":{},"end":{}}],"line":19},"6":{"loc":{"start":{"line":20,"column":2},"end":{"line":20,"column":76}},"type":"if","locations":[{"start":{"line":20,"column":2},"end":{"line":20,"column":76}},{"start":{},"end":{}}],"line":20}},"s":{"0":7,"1":1014,"2":1,"3":1013,"4":2,"5":1011,"6":2,"7":1009,"8":2,"9":1007,"10":2,"11":1005,"12":2,"13":1003,"14":1},"f":{"0":7,"1":1014},"b":{"0":[1,1013],"1":[1014,1014,1014,1014,1014,1014],"2":[2,1011],"3":[2,1009],"4":[2,1007],"5":[2,1005],"6":[2,1003]},"_coverageSchema":"1a1c01bbd47fc00a2c39e90264f33305004495a9","hash":"c2df7f0cf5f708f5903cdf50ce549791cc7c58c7"}
}
