TN:
SF:subscription.js
FN:1,canRenewSubscription
FN:6,getRenewalReason
FNF:2
FNH:2
FNDA:7,canRenewSubscription
FNDA:14,getRenewalReason
DA:2,7
DA:7,14
DA:14,1
DA:16,13
DA:17,11
DA:18,9
DA:19,7
DA:20,5
DA:22,3
DA:35,1
LF:10
LH:10
BRDA:7,0,0,1
BRDA:7,0,1,13
BRDA:8,1,0,14
BRDA:8,1,1,14
BRDA:8,1,2,14
BRDA:8,1,3,14
BRDA:8,1,4,14
BRDA:8,1,5,14
BRDA:16,2,0,2
BRDA:16,2,1,11
BRDA:17,3,0,2
BRDA:17,3,1,9
BRDA:18,4,0,2
BRDA:18,4,1,7
BRDA:19,5,0,2
BRDA:19,5,1,5
BRDA:20,6,0,2
BRDA:20,6,1,3
BRF:18
BRH:18
end_of_record
