TN:
SF:subscription.js
FN:1,canRenewSubscription
FN:6,getRenewalReason
FNF:2
FNH:2
FNDA:7,canRenewSubscription
FNDA:1014,getRenewalReason
DA:2,7
DA:7,1014
DA:14,1
DA:16,1013
DA:17,1011
DA:18,1009
DA:19,1007
DA:20,1005
DA:22,1003
DA:35,1
LF:10
LH:10
BRDA:7,0,0,1
BRDA:7,0,1,1013
BRDA:8,1,0,1014
BRDA:8,1,1,1014
BRDA:8,1,2,1014
BRDA:8,1,3,1014
BRDA:8,1,4,1014
BRDA:8,1,5,1014
BRDA:16,2,0,2
BRDA:16,2,1,1011
BRDA:17,3,0,2
BRDA:17,3,1,1009
BRDA:18,4,0,2
BRDA:18,4,1,1007
BRDA:19,5,0,2
BRDA:19,5,1,1005
BRDA:20,6,0,2
BRDA:20,6,1,1003
BRF:18
BRH:18
end_of_record
