<?xml version="1.0" encoding="UTF-8"?>
<coverage generated="1749196093819" clover="3.2.0">
  <project timestamp="1749196093819" name="All files">
    <metrics statements="16" coveredstatements="16" conditionals="16" coveredconditionals="16" methods="6" coveredmethods="6" elements="38" coveredelements="38" complexity="0" loc="16" ncloc="16" packages="1" files="1" classes="1"/>
    <file name="utils.js" path="/home/victor/Dev/test_logiciel/tp-tests-unitaires/utils.js">
      <metrics statements="16" coveredstatements="16" conditionals="16" coveredconditionals="16" methods="6" coveredmethods="6"/>
      <line num="2" count="4" type="cond" truecount="4" falsecount="0"/>
      <line num="3" count="1" type="stmt"/>
      <line num="5" count="3" type="stmt"/>
      <line num="9" count="7" type="cond" truecount="2" falsecount="0"/>
      <line num="10" count="3" type="stmt"/>
      <line num="12" count="4" type="stmt"/>
      <line num="13" count="4" type="stmt"/>
      <line num="18" count="5" type="cond" truecount="4" falsecount="0"/>
      <line num="19" count="3" type="stmt"/>
      <line num="23" count="5" type="cond" truecount="2" falsecount="0"/>
      <line num="24" count="4" type="stmt"/>
      <line num="28" count="4" type="cond" truecount="2" falsecount="0"/>
      <line num="29" count="3" type="stmt"/>
      <line num="33" count="5" type="cond" truecount="2" falsecount="0"/>
      <line num="34" count="4" type="stmt"/>
      <line num="37" count="1" type="stmt"/>
    </file>
  </project>
</coverage>
