{"/home/victor/Dev/test_logiciel/tp-tests-unitaires/utils.js": {"path":"/home/victor/Dev/test_logiciel/tp-tests-unitaires/utils.js","statementMap":{"0":{"start":{"line":2,"column":2},"end":{"line":4,"column":3}},"1":{"start":{"line":3,"column":4},"end":{"line":3,"column":68}},"2":{"start":{"line":5,"column":2},"end":{"line":5,"column":15}},"3":{"start":{"line":9,"column":2},"end":{"line":11,"column":3}},"4":{"start":{"line":10,"column":4},"end":{"line":10,"column":46}},"5":{"start":{"line":12,"column":16},"end":{"line":12,"column":52}},"6":{"start":{"line":13,"column":2},"end":{"line":13,"column":54}},"7":{"start":{"line":18,"column":2},"end":{"line":18,"column":59}},"8":{"start":{"line":18,"column":47},"end":{"line":18,"column":59}},"9":{"start":{"line":19,"column":2},"end":{"line":19,"column":26}},"10":{"start":{"line":23,"column":2},"end":{"line":23,"column":22}},"11":{"start":{"line":23,"column":12},"end":{"line":23,"column":22}},"12":{"start":{"line":24,"column":2},"end":{"line":24,"column":59}},"13":{"start":{"line":28,"column":2},"end":{"line":28,"column":51}},"14":{"start":{"line":28,"column":15},"end":{"line":28,"column":51}},"15":{"start":{"line":29,"column":2},"end":{"line":29,"column":15}},"16":{"start":{"line":33,"column":2},"end":{"line":33,"column":71}},"17":{"start":{"line":33,"column":29},"end":{"line":33,"column":71}},"18":{"start":{"line":34,"column":2},"end":{"line":34,"column":21}},"19":{"start":{"line":37,"column":0},"end":{"line":37,"column":75}}},"fnMap":{"0":{"name":"sum","decl":{"start":{"line":1,"column":9},"end":{"line":1,"column":12}},"loc":{"start":{"line":1,"column":19},"end":{"line":6,"column":1}},"line":1},"1":{"name":"isPalindrome","decl":{"start":{"line":8,"column":9},"end":{"line":8,"column":21}},"loc":{"start":{"line":8,"column":27},"end":{"line":14,"column":1}},"line":8},"2":{"name":"getMax","decl":{"start":{"line":17,"column":9},"end":{"line":17,"column":15}},"loc":{"start":{"line":17,"column":21},"end":{"line":20,"column":1}},"line":17},"3":{"name":"capitalize","decl":{"start":{"line":22,"column":9},"end":{"line":22,"column":19}},"loc":{"start":{"line":22,"column":25},"end":{"line":25,"column":1}},"line":22},"4":{"name":"divide","decl":{"start":{"line":27,"column":9},"end":{"line":27,"column":15}},"loc":{"start":{"line":27,"column":22},"end":{"line":30,"column":1}},"line":27},"5":{"name":"isEven","decl":{"start":{"line":32,"column":9},"end":{"line":32,"column":15}},"loc":{"start":{"line":32,"column":19},"end":{"line":35,"column":1}},"line":32}},"branchMap":{"0":{"loc":{"start":{"line":2,"column":2},"end":{"line":4,"column":3}},"type":"if","locations":[{"start":{"line":2,"column":2},"end":{"line":4,"column":3}},{"start":{},"end":{}}],"line":2},"1":{"loc":{"start":{"line":2,"column":6},"end":{"line":2,"column":52}},"type":"binary-expr","locations":[{"start":{"line":2,"column":6},"end":{"line":2,"column":27}},{"start":{"line":2,"column":31},"end":{"line":2,"column":52}}],"line":2},"2":{"loc":{"start":{"line":9,"column":2},"end":{"line":11,"column":3}},"type":"if","locations":[{"start":{"line":9,"column":2},"end":{"line":11,"column":3}},{"start":{},"end":{}}],"line":9},"3":{"loc":{"start":{"line":18,"column":2},"end":{"line":18,"column":59}},"type":"if","locations":[{"start":{"line":18,"column":2},"end":{"line":18,"column":59}},{"start":{},"end":{}}],"line":18},"4":{"loc":{"start":{"line":18,"column":6},"end":{"line":18,"column":45}},"type":"binary-expr","locations":[{"start":{"line":18,"column":6},"end":{"line":18,"column":25}},{"start":{"line":18,"column":29},"end":{"line":18,"column":45}}],"line":18},"5":{"loc":{"start":{"line":23,"column":2},"end":{"line":23,"column":22}},"type":"if","locations":[{"start":{"line":23,"column":2},"end":{"line":23,"column":22}},{"start":{},"end":{}}],"line":23},"6":{"loc":{"start":{"line":28,"column":2},"end":{"line":28,"column":51}},"type":"if","locations":[{"start":{"line":28,"column":2},"end":{"line":28,"column":51}},{"start":{},"end":{}}],"line":28},"7":{"loc":{"start":{"line":33,"column":2},"end":{"line":33,"column":71}},"type":"if","locations":[{"start":{"line":33,"column":2},"end":{"line":33,"column":71}},{"start":{},"end":{}}],"line":33}},"s":{"0":4,"1":1,"2":3,"3":7,"4":3,"5":4,"6":4,"7":5,"8":2,"9":3,"10":5,"11":1,"12":4,"13":4,"14":1,"15":3,"16":5,"17":1,"18":4,"19":1},"f":{"0":4,"1":7,"2":5,"3":5,"4":4,"5":5},"b":{"0":[1,3],"1":[4,3],"2":[3,4],"3":[2,3],"4":[5,4],"5":[1,4],"6":[1,3],"7":[1,4]},"_coverageSchema":"1a1c01bbd47fc00a2c39e90264f33305004495a9","hash":"17e31ad6d591e155c85d27a357f0f3cfe13f4a42"}
}
