TN:
SF:utils.js
FN:1,sum
FN:8,isPalindrome
FN:17,getMax
FN:22,capitalize
FN:27,divide
FN:32,isEven
FNF:6
FNH:6
FNDA:4,sum
FNDA:7,isPalindrome
FNDA:5,getMax
FNDA:5,capitalize
FNDA:4,divide
FNDA:5,isEven
DA:2,4
DA:3,1
DA:5,3
DA:9,7
DA:10,3
DA:12,4
DA:13,4
DA:18,5
DA:19,3
DA:23,5
DA:24,4
DA:28,4
DA:29,3
DA:33,5
DA:34,4
DA:37,1
LF:16
LH:16
BRDA:2,0,0,1
BRDA:2,0,1,3
BRDA:2,1,0,4
BRDA:2,1,1,3
BRDA:9,2,0,3
BRDA:9,2,1,4
BRDA:18,3,0,2
BRDA:18,3,1,3
BRDA:18,4,0,5
BRDA:18,4,1,4
BRDA:23,5,0,1
BRDA:23,5,1,4
BRDA:28,6,0,1
BRDA:28,6,1,3
BRDA:33,7,0,1
BRDA:33,7,1,4
BRF:16
BRH:16
end_of_record
