{"/home/victor/Dev/test_logiciel/tp-cart-tests/cart.js": {"path":"/home/victor/Dev/test_logiciel/tp-cart-tests/cart.js","statementMap":{"0":{"start":{"line":3,"column":2},"end":{"line":3,"column":33}},"1":{"start":{"line":8,"column":23},"end":{"line":8,"column":61}},"2":{"start":{"line":8,"column":44},"end":{"line":8,"column":60}},"3":{"start":{"line":10,"column":2},"end":{"line":16,"column":3}},"4":{"start":{"line":12,"column":4},"end":{"line":12,"column":43}},"5":{"start":{"line":15,"column":4},"end":{"line":15,"column":33}},"6":{"start":{"line":19,"column":2},"end":{"line":19,"column":43}},"7":{"start":{"line":24,"column":16},"end":{"line":24,"column":58}},"8":{"start":{"line":24,"column":42},"end":{"line":24,"column":57}},"9":{"start":{"line":25,"column":2},"end":{"line":25,"column":27}},"10":{"start":{"line":25,"column":20},"end":{"line":25,"column":27}},"11":{"start":{"line":26,"column":15},"end":{"line":26,"column":32}},"12":{"start":{"line":27,"column":2},"end":{"line":27,"column":43}},"13":{"start":{"line":28,"column":2},"end":{"line":28,"column":30}},"14":{"start":{"line":32,"column":21},"end":{"line":35,"column":3}},"15":{"start":{"line":36,"column":19},"end":{"line":36,"column":35}},"16":{"start":{"line":37,"column":2},"end":{"line":37,"column":58}},"17":{"start":{"line":37,"column":17},"end":{"line":37,"column":58}},"18":{"start":{"line":38,"column":2},"end":{"line":38,"column":43}},"19":{"start":{"line":42,"column":2},"end":{"line":42,"column":18}},"20":{"start":{"line":43,"column":2},"end":{"line":43,"column":17}},"21":{"start":{"line":46,"column":0},"end":{"line":46,"column":79}}},"fnMap":{"0":{"name":"createCart","decl":{"start":{"line":2,"column":9},"end":{"line":2,"column":19}},"loc":{"start":{"line":2,"column":22},"end":{"line":4,"column":1}},"line":2},"1":{"name":"addItem","decl":{"start":{"line":6,"column":9},"end":{"line":6,"column":16}},"loc":{"start":{"line":6,"column":29},"end":{"line":20,"column":1}},"line":6},"2":{"name":"(anonymous_2)","decl":{"start":{"line":8,"column":39},"end":{"line":8,"column":40}},"loc":{"start":{"line":8,"column":44},"end":{"line":8,"column":60}},"line":8},"3":{"name":"removeItem","decl":{"start":{"line":23,"column":9},"end":{"line":23,"column":19}},"loc":{"start":{"line":23,"column":34},"end":{"line":29,"column":1}},"line":23},"4":{"name":"(anonymous_4)","decl":{"start":{"line":24,"column":37},"end":{"line":24,"column":38}},"loc":{"start":{"line":24,"column":42},"end":{"line":24,"column":57}},"line":24},"5":{"name":"applyDiscount","decl":{"start":{"line":31,"column":9},"end":{"line":31,"column":22}},"loc":{"start":{"line":31,"column":35},"end":{"line":39,"column":1}},"line":31},"6":{"name":"clearCart","decl":{"start":{"line":41,"column":9},"end":{"line":41,"column":18}},"loc":{"start":{"line":41,"column":25},"end":{"line":44,"column":1}},"line":41}},"branchMap":{"0":{"loc":{"start":{"line":10,"column":2},"end":{"line":16,"column":3}},"type":"if","locations":[{"start":{"line":10,"column":2},"end":{"line":16,"column":3}},{"start":{"line":13,"column":9},"end":{"line":16,"column":3}}],"line":10},"1":{"loc":{"start":{"line":25,"column":2},"end":{"line":25,"column":27}},"type":"if","locations":[{"start":{"line":25,"column":2},"end":{"line":25,"column":27}},{"start":{},"end":{}}],"line":25},"2":{"loc":{"start":{"line":37,"column":2},"end":{"line":37,"column":58}},"type":"if","locations":[{"start":{"line":37,"column":2},"end":{"line":37,"column":58}},{"start":{},"end":{}}],"line":37}},"s":{"0":16,"1":16,"2":3,"3":16,"4":1,"5":15,"6":16,"7":3,"8":2,"9":3,"10":2,"11":1,"12":1,"13":1,"14":4,"15":4,"16":4,"17":1,"18":3,"19":1,"20":1,"21":1},"f":{"0":16,"1":16,"2":3,"3":3,"4":2,"5":4,"6":1},"b":{"0":[1,15],"1":[2,1],"2":[1,3]},"_coverageSchema":"1a1c01bbd47fc00a2c39e90264f33305004495a9","hash":"42fc235d0559aad4736284ed52cd78c20bce6055"}
}
