TN:
SF:cart.js
FN:2,createCart
FN:6,addItem
FN:8,(anonymous_2)
FN:23,removeItem
FN:24,(anonymous_4)
FN:31,applyDiscount
FN:41,clearCart
FNF:7
FNH:7
FNDA:16,createCart
FNDA:16,addItem
FNDA:3,(anonymous_2)
FNDA:3,removeItem
FNDA:2,(anonymous_4)
FNDA:4,applyDiscount
FNDA:1,clearCart
DA:3,16
DA:8,16
DA:10,16
DA:12,1
DA:15,15
DA:19,16
DA:24,3
DA:25,3
DA:26,1
DA:27,1
DA:28,1
DA:32,4
DA:36,4
DA:37,4
DA:38,3
DA:42,1
DA:43,1
DA:46,1
LF:18
LH:18
BRDA:10,0,0,1
BRDA:10,0,1,15
BRDA:25,1,0,2
BRDA:25,1,1,1
BRDA:37,2,0,1
BRDA:37,2,1,3
BRF:6
BRH:6
end_of_record
